# JRE version: Java(TM) SE Runtime Environment (13.0.2+8) (build 13.0.2+8)
# Java VM: Java HotSpot(TM) 64-Bit Server VM (13.0.2+8, mixed mode, sharing, tiered, compressed oops, g1 gc, windows-amd64)
Heap:
 garbage-first heap   total 107520K, used 61655K [0x0000000081e00000, 0x0000000100000000)
  region size 1024K, 15 young (15360K), 1 survivors (1024K)
 Metaspace       used 95777K, capacity 101206K, committed 101584K, reserved 1134592K
  class space    used 13522K, capacity 16073K, committed 16124K, reserved 1048576K
GC Heap History (20 events):
Event: 43257.237 GC heap before
{Heap before GC invocations=81 (full 0):
 garbage-first heap   total 107520K, used 91852K [0x0000000081e00000, 0x0000000100000000)
  region size 1024K, 46 young (47104K), 3 survivors (3072K)
 Metaspace       used 95001K, capacity 100260K, committed 100432K, reserved 1134592K
  class space    used 13405K, capacity 15908K, committed 15996K, reserved 1048576K
}
Event: 43257.241 GC heap after
{Heap after GC invocations=82 (full 0):
 garbage-first heap   total 107520K, used 48799K [0x0000000081e00000, 0x0000000100000000)
  region size 1024K, 3 young (3072K), 3 survivors (3072K)
 Metaspace       used 95001K, capacity 100260K, committed 100432K, reserved 1134592K
  class space    used 13405K, capacity 15908K, committed 15996K, reserved 1048576K
}
Event: 43462.825 GC heap before
{Heap before GC invocations=82 (full 0):
 garbage-first heap   total 107520K, used 91807K [0x0000000081e00000, 0x0000000100000000)
  region size 1024K, 45 young (46080K), 3 survivors (3072K)
 Metaspace       used 95045K, capacity 100392K, committed 100688K, reserved 1134592K
  class space    used 13405K, capacity 15908K, committed 15996K, reserved 1048576K
}
Event: 43462.828 GC heap after
{Heap after GC invocations=83 (full 0):
 garbage-first heap   total 107520K, used 48659K [0x0000000081e00000, 0x0000000100000000)
  region size 1024K, 3 young (3072K), 3 survivors (3072K)
 Metaspace       used 95045K, capacity 100392K, committed 100688K, reserved 1134592K
  class space    used 13405K, capacity 15908K, committed 15996K, reserved 1048576K
}
Event: 43608.254 GC heap before
{Heap before GC invocations=83 (full 0):
 garbage-first heap   total 107520K, used 91667K [0x0000000081e00000, 0x0000000100000000)
  region size 1024K, 45 young (46080K), 3 survivors (3072K)
 Metaspace       used 95567K, capacity 100938K, committed 101072K, reserved 1134592K
  class space    used 13509K, capacity 16028K, committed 16124K, reserved 1048576K
}
Event: 43608.257 GC heap after
{Heap after GC invocations=84 (full 0):
 garbage-first heap   total 107520K, used 48391K [0x0000000081e00000, 0x0000000100000000)
  region size 1024K, 2 young (2048K), 2 survivors (2048K)
 Metaspace       used 95567K, capacity 100938K, committed 101072K, reserved 1134592K
  class space    used 13509K, capacity 16028K, committed 16124K, reserved 1048576K
}
Event: 44328.364 GC heap before
{Heap before GC invocations=84 (full 0):
 garbage-first heap   total 107520K, used 92423K [0x0000000081e00000, 0x0000000100000000)
  region size 1024K, 45 young (46080K), 2 survivors (2048K)
 Metaspace       used 95602K, capacity 100943K, committed 101072K, reserved 1134592K
  class space    used 13509K, capacity 16028K, committed 16124K, reserved 1048576K
}
Event: 44328.891 GC heap after
{Heap after GC invocations=85 (full 0):
 garbage-first heap   total 107520K, used 48277K [0x0000000081e00000, 0x0000000100000000)
  region size 1024K, 2 young (2048K), 2 survivors (2048K)
 Metaspace       used 95602K, capacity 100943K, committed 101072K, reserved 1134592K
  class space    used 13509K, capacity 16028K, committed 16124K, reserved 1048576K
}
Event: 45392.238 GC heap before
{Heap before GC invocations=85 (full 0):
 garbage-first heap   total 107520K, used 92309K [0x0000000081e00000, 0x0000000100000000)
  region size 1024K, 45 young (46080K), 2 survivors (2048K)
 Metaspace       used 95603K, capacity 100943K, committed 101072K, reserved 1134592K
  class space    used 13509K, capacity 16028K, committed 16124K, reserved 1048576K
}
Event: 45392.241 GC heap after
{Heap after GC invocations=86 (full 0):
 garbage-first heap   total 107520K, used 48046K [0x0000000081e00000, 0x0000000100000000)
  region size 1024K, 2 young (2048K), 2 survivors (2048K)
 Metaspace       used 95603K, capacity 100943K, committed 101072K, reserved 1134592K
  class space    used 13509K, capacity 16028K, committed 16124K, reserved 1048576K
}
Event: 46665.625 GC heap before
{Heap before GC invocations=86 (full 0):
 garbage-first heap   total 107520K, used 92078K [0x0000000081e00000, 0x0000000100000000)
  region size 1024K, 45 young (46080K), 2 survivors (2048K)
 Metaspace       used 95604K, capacity 100943K, committed 101072K, reserved 1134592K
  class space    used 13509K, capacity 16028K, committed 16124K, reserved 1048576K
}
Event: 46665.628 GC heap after
{Heap after GC invocations=87 (full 0):
 garbage-first heap   total 107520K, used 48031K [0x0000000081e00000, 0x0000000100000000)
  region size 1024K, 2 young (2048K), 2 survivors (2048K)
 Metaspace       used 95604K, capacity 100943K, committed 101072K, reserved 1134592K
  class space    used 13509K, capacity 16028K, committed 16124K, reserved 1048576K
}
Event: 58471.217 GC heap before
{Heap before GC invocations=87 (full 0):
 garbage-first heap   total 107520K, used 92063K [0x0000000081e00000, 0x0000000100000000)
  region size 1024K, 45 young (46080K), 2 survivors (2048K)
 Metaspace       used 95604K, capacity 100943K, committed 101072K, reserved 1134592K
  class space    used 13509K, capacity 16028K, committed 16124K, reserved 1048576K
}
Event: 58471.220 GC heap after
{Heap after GC invocations=88 (full 0):
 garbage-first heap   total 107520K, used 47950K [0x0000000081e00000, 0x0000000100000000)
  region size 1024K, 2 young (2048K), 2 survivors (2048K)
 Metaspace       used 95604K, capacity 100943K, committed 101072K, reserved 1134592K
  class space    used 13509K, capacity 16028K, committed 16124K, reserved 1048576K
}
Event: 63056.309 GC heap before
{Heap before GC invocations=88 (full 0):
 garbage-first heap   total 107520K, used 94030K [0x0000000081e00000, 0x0000000100000000)
  region size 1024K, 46 young (47104K), 2 survivors (2048K)
 Metaspace       used 95604K, capacity 100943K, committed 101072K, reserved 1134592K
  class space    used 13510K, capacity 16028K, committed 16124K, reserved 1048576K
}
Event: 63057.459 GC heap after
{Heap after GC invocations=89 (full 0):
 garbage-first heap   total 107520K, used 49637K [0x0000000081e00000, 0x0000000100000000)
  region size 1024K, 3 young (3072K), 3 survivors (3072K)
 Metaspace       used 95604K, capacity 100943K, committed 101072K, reserved 1134592K
  class space    used 13510K, capacity 16028K, committed 16124K, reserved 1048576K
}
Event: 63057.468 GC heap before
{Heap before GC invocations=89 (full 0):
 garbage-first heap   total 107520K, used 51685K [0x0000000081e00000, 0x0000000100000000)
  region size 1024K, 5 young (5120K), 3 survivors (3072K)
 Metaspace       used 95604K, capacity 100943K, committed 101072K, reserved 1134592K
  class space    used 13510K, capacity 16028K, committed 16124K, reserved 1048576K
}
Event: 63057.474 GC heap after
{Heap after GC invocations=90 (full 0):
 garbage-first heap   total 107520K, used 49909K [0x0000000081e00000, 0x0000000100000000)
  region size 1024K, 1 young (1024K), 1 survivors (1024K)
 Metaspace       used 95604K, capacity 100943K, committed 101072K, reserved 1134592K
  class space    used 13510K, capacity 16028K, committed 16124K, reserved 1048576K
}
Event: 63221.299 GC heap before
{Heap before GC invocations=90 (full 0):
 garbage-first heap   total 107520K, used 77557K [0x0000000081e00000, 0x0000000100000000)
  region size 1024K, 29 young (29696K), 1 survivors (1024K)
 Metaspace       used 95849K, capacity 101322K, committed 101584K, reserved 1134592K
  class space    used 13544K, capacity 16113K, committed 16124K, reserved 1048576K
}
Event: 63221.319 GC heap after
{Heap after GC invocations=91 (full 0):
 garbage-first heap   total 107520K, used 49754K [0x0000000081e00000, 0x0000000100000000)
  region size 1024K, 1 young (1024K), 1 survivors (1024K)
 Metaspace       used 95849K, capacity 101322K, committed 101584K, reserved 1134592K
  class space    used 13544K, capacity 16113K, committed 16124K, reserved 1048576K
}

