# JRE version: Java(TM) SE Runtime Environment (13.0.2+8) (build 13.0.2+8)
# Java VM: Java HotSpot(TM) 64-Bit Server VM (13.0.2+8, mixed mode, sharing, tiered, compressed oops, g1 gc, windows-amd64)
Heap:
 garbage-first heap   total 82944K, used 66484K [0x0000000081e00000, 0x0000000100000000)
  region size 1024K, 26 young (26624K), 1 survivors (1024K)
 Metaspace       used 83352K, capacity 87557K, committed 87812K, reserved 1122304K
  class space    used 12139K, capacity 14201K, committed 14364K, reserved 1048576K
GC Heap History (20 events):
Event: 1037.059 GC heap before
{Heap before GC invocations=35 (full 0):
 garbage-first heap   total 82944K, used 69268K [0x0000000081e00000, 0x0000000100000000)
  region size 1024K, 24 young (24576K), 2 survivors (2048K)
 Metaspace       used 83090K, capacity 87354K, committed 87428K, reserved 1122304K
  class space    used 12126K, capacity 14201K, committed 14236K, reserved 1048576K
}
Event: 1037.071 GC heap after
{Heap after GC invocations=36 (full 0):
 garbage-first heap   total 82944K, used 46625K [0x0000000081e00000, 0x0000000100000000)
  region size 1024K, 2 young (2048K), 2 survivors (2048K)
 Metaspace       used 83090K, capacity 87354K, committed 87428K, reserved 1122304K
  class space    used 12126K, capacity 14201K, committed 14236K, reserved 1048576K
}
Event: 1536.983 GC heap before
{Heap before GC invocations=36 (full 0):
 garbage-first heap   total 82944K, used 69153K [0x0000000081e00000, 0x0000000100000000)
  region size 1024K, 24 young (24576K), 2 survivors (2048K)
 Metaspace       used 83119K, capacity 87359K, committed 87428K, reserved 1122304K
  class space    used 12126K, capacity 14201K, committed 14236K, reserved 1048576K
}
Event: 1536.991 GC heap after
{Heap after GC invocations=37 (full 0):
 garbage-first heap   total 82944K, used 46592K [0x0000000081e00000, 0x0000000100000000)
  region size 1024K, 2 young (2048K), 2 survivors (2048K)
 Metaspace       used 83119K, capacity 87359K, committed 87428K, reserved 1122304K
  class space    used 12126K, capacity 14201K, committed 14236K, reserved 1048576K
}
Event: 2078.981 GC heap before
{Heap before GC invocations=38 (full 0):
 garbage-first heap   total 82944K, used 70144K [0x0000000081e00000, 0x0000000100000000)
  region size 1024K, 25 young (25600K), 2 survivors (2048K)
 Metaspace       used 83133K, capacity 87359K, committed 87428K, reserved 1122304K
  class space    used 12126K, capacity 14201K, committed 14236K, reserved 1048576K
}
Event: 2078.984 GC heap after
{Heap after GC invocations=39 (full 0):
 garbage-first heap   total 82944K, used 46591K [0x0000000081e00000, 0x0000000100000000)
  region size 1024K, 2 young (2048K), 2 survivors (2048K)
 Metaspace       used 83133K, capacity 87359K, committed 87428K, reserved 1122304K
  class space    used 12126K, capacity 14201K, committed 14236K, reserved 1048576K
}
Event: 2602.981 GC heap before
{Heap before GC invocations=39 (full 0):
 garbage-first heap   total 82944K, used 70143K [0x0000000081e00000, 0x0000000100000000)
  region size 1024K, 25 young (25600K), 2 survivors (2048K)
 Metaspace       used 83135K, capacity 87359K, committed 87428K, reserved 1122304K
  class space    used 12126K, capacity 14201K, committed 14236K, reserved 1048576K
}
Event: 2602.987 GC heap after
{Heap after GC invocations=40 (full 0):
 garbage-first heap   total 82944K, used 46646K [0x0000000081e00000, 0x0000000100000000)
  region size 1024K, 2 young (2048K), 2 survivors (2048K)
 Metaspace       used 83135K, capacity 87359K, committed 87428K, reserved 1122304K
  class space    used 12126K, capacity 14201K, committed 14236K, reserved 1048576K
}
Event: 3126.983 GC heap before
{Heap before GC invocations=41 (full 0):
 garbage-first heap   total 82944K, used 70198K [0x0000000081e00000, 0x0000000100000000)
  region size 1024K, 25 young (25600K), 2 survivors (2048K)
 Metaspace       used 82947K, capacity 87066K, committed 87428K, reserved 1122304K
  class space    used 12069K, capacity 14091K, committed 14236K, reserved 1048576K
}
Event: 3126.992 GC heap after
{Heap after GC invocations=42 (full 0):
 garbage-first heap   total 82944K, used 46537K [0x0000000081e00000, 0x0000000100000000)
  region size 1024K, 2 young (2048K), 2 survivors (2048K)
 Metaspace       used 82947K, capacity 87066K, committed 87428K, reserved 1122304K
  class space    used 12069K, capacity 14091K, committed 14236K, reserved 1048576K
}
Event: 3171.459 GC heap before
{Heap before GC invocations=42 (full 0):
 garbage-first heap   total 82944K, used 48585K [0x0000000081e00000, 0x0000000100000000)
  region size 1024K, 4 young (4096K), 2 survivors (2048K)
 Metaspace       used 82947K, capacity 87066K, committed 87428K, reserved 1122304K
  class space    used 12069K, capacity 14091K, committed 14236K, reserved 1048576K
}
Event: 3171.470 GC heap after
{Heap after GC invocations=43 (full 0):
 garbage-first heap   total 82944K, used 42812K [0x0000000081e00000, 0x0000000100000000)
  region size 1024K, 1 young (1024K), 1 survivors (1024K)
 Metaspace       used 82947K, capacity 87066K, committed 87428K, reserved 1122304K
  class space    used 12069K, capacity 14091K, committed 14236K, reserved 1048576K
}
Event: 3770.177 GC heap before
{Heap before GC invocations=43 (full 0):
 garbage-first heap   total 82944K, used 69436K [0x0000000081e00000, 0x0000000100000000)
  region size 1024K, 27 young (27648K), 1 survivors (1024K)
 Metaspace       used 82948K, capacity 87066K, committed 87428K, reserved 1122304K
  class space    used 12069K, capacity 14091K, committed 14236K, reserved 1048576K
}
Event: 3770.238 GC heap after
{Heap after GC invocations=44 (full 0):
 garbage-first heap   total 82944K, used 42714K [0x0000000081e00000, 0x0000000100000000)
  region size 1024K, 1 young (1024K), 1 survivors (1024K)
 Metaspace       used 82948K, capacity 87066K, committed 87428K, reserved 1122304K
  class space    used 12069K, capacity 14091K, committed 14236K, reserved 1048576K
}
Event: 4369.191 GC heap before
{Heap before GC invocations=45 (full 0):
 garbage-first heap   total 82944K, used 69338K [0x0000000081e00000, 0x0000000100000000)
  region size 1024K, 27 young (27648K), 1 survivors (1024K)
 Metaspace       used 82948K, capacity 87066K, committed 87428K, reserved 1122304K
  class space    used 12069K, capacity 14091K, committed 14236K, reserved 1048576K
}
Event: 4369.195 GC heap after
{Heap after GC invocations=46 (full 0):
 garbage-first heap   total 82944K, used 42744K [0x0000000081e00000, 0x0000000100000000)
  region size 1024K, 1 young (1024K), 1 survivors (1024K)
 Metaspace       used 82948K, capacity 87066K, committed 87428K, reserved 1122304K
  class space    used 12069K, capacity 14091K, committed 14236K, reserved 1048576K
}
Event: 4966.187 GC heap before
{Heap before GC invocations=46 (full 0):
 garbage-first heap   total 82944K, used 69368K [0x0000000081e00000, 0x0000000100000000)
  region size 1024K, 27 young (27648K), 1 survivors (1024K)
 Metaspace       used 82948K, capacity 87066K, committed 87428K, reserved 1122304K
  class space    used 12069K, capacity 14091K, committed 14236K, reserved 1048576K
}
Event: 4966.300 GC heap after
{Heap after GC invocations=47 (full 0):
 garbage-first heap   total 82944K, used 42789K [0x0000000081e00000, 0x0000000100000000)
  region size 1024K, 1 young (1024K), 1 survivors (1024K)
 Metaspace       used 82948K, capacity 87066K, committed 87428K, reserved 1122304K
  class space    used 12069K, capacity 14091K, committed 14236K, reserved 1048576K
}
Event: 5484.967 GC heap before
{Heap before GC invocations=48 (full 0):
 garbage-first heap   total 82944K, used 68389K [0x0000000081e00000, 0x0000000100000000)
  region size 1024K, 27 young (27648K), 1 survivors (1024K)
 Metaspace       used 83242K, capacity 87455K, committed 87812K, reserved 1122304K
  class space    used 12113K, capacity 14162K, committed 14364K, reserved 1048576K
}
Event: 5484.970 GC heap after
{Heap after GC invocations=49 (full 0):
 garbage-first heap   total 82944K, used 42932K [0x0000000081e00000, 0x0000000100000000)
  region size 1024K, 1 young (1024K), 1 survivors (1024K)
 Metaspace       used 83242K, capacity 87455K, committed 87812K, reserved 1122304K
  class space    used 12113K, capacity 14162K, committed 14364K, reserved 1048576K
}

