# JRE version: Java(TM) SE Runtime Environment (13.0.2+8) (build 13.0.2+8)
# Java VM: Java HotSpot(TM) 64-Bit Server VM (13.0.2+8, mixed mode, sharing, tiered, compressed oops, g1 gc, windows-amd64)
Heap:
 garbage-first heap   total 68608K, used 41731K [0x0000000081e00000, 0x0000000100000000)
  region size 1024K, 9 young (9216K), 2 survivors (2048K)
 Metaspace       used 54442K, capacity 56272K, committed 56572K, reserved 1097728K
  class space    used 7305K, capacity 8134K, committed 8192K, reserved 1048576K
GC Heap History (20 events):
Event: 104.488 GC heap before
{Heap before GC invocations=11 (full 0):
 garbage-first heap   total 68608K, used 45296K [0x0000000081e00000, 0x0000000100000000)
  region size 1024K, 20 young (20480K), 1 survivors (1024K)
 Metaspace       used 37002K, capacity 38439K, committed 38652K, reserved 1081344K
  class space    used 5149K, capacity 5797K, committed 5888K, reserved 1048576K
}
Event: 104.490 GC heap after
{Heap after GC invocations=12 (full 0):
 garbage-first heap   total 68608K, used 27302K [0x0000000081e00000, 0x0000000100000000)
  region size 1024K, 1 young (1024K), 1 survivors (1024K)
 Metaspace       used 37002K, capacity 38439K, committed 38652K, reserved 1081344K
  class space    used 5149K, capacity 5797K, committed 5888K, reserved 1048576K
}
Event: 119.165 GC heap before
{Heap before GC invocations=12 (full 0):
 garbage-first heap   total 68608K, used 47782K [0x0000000081e00000, 0x0000000100000000)
  region size 1024K, 21 young (21504K), 1 survivors (1024K)
 Metaspace       used 39909K, capacity 41499K, committed 41596K, reserved 1085440K
  class space    used 5523K, capacity 6235K, committed 6272K, reserved 1048576K
}
Event: 119.168 GC heap after
{Heap after GC invocations=13 (full 0):
 garbage-first heap   total 68608K, used 28164K [0x0000000081e00000, 0x0000000100000000)
  region size 1024K, 2 young (2048K), 2 survivors (2048K)
 Metaspace       used 39909K, capacity 41499K, committed 41596K, reserved 1085440K
  class space    used 5523K, capacity 6235K, committed 6272K, reserved 1048576K
}
Event: 123.878 GC heap before
{Heap before GC invocations=13 (full 0):
 garbage-first heap   total 68608K, used 47620K [0x0000000081e00000, 0x0000000100000000)
  region size 1024K, 22 young (22528K), 2 survivors (2048K)
 Metaspace       used 39967K, capacity 41563K, committed 41852K, reserved 1085440K
  class space    used 5523K, capacity 6235K, committed 6272K, reserved 1048576K
}
Event: 123.880 GC heap after
{Heap after GC invocations=14 (full 0):
 garbage-first heap   total 68608K, used 28485K [0x0000000081e00000, 0x0000000100000000)
  region size 1024K, 2 young (2048K), 2 survivors (2048K)
 Metaspace       used 39967K, capacity 41563K, committed 41852K, reserved 1085440K
  class space    used 5523K, capacity 6235K, committed 6272K, reserved 1048576K
}
Event: 138.921 GC heap before
{Heap before GC invocations=14 (full 0):
 garbage-first heap   total 68608K, used 48965K [0x0000000081e00000, 0x0000000100000000)
  region size 1024K, 23 young (23552K), 2 survivors (2048K)
 Metaspace       used 41381K, capacity 42978K, committed 43260K, reserved 1085440K
  class space    used 5648K, capacity 6364K, committed 6400K, reserved 1048576K
}
Event: 138.923 GC heap after
{Heap after GC invocations=15 (full 0):
 garbage-first heap   total 68608K, used 32017K [0x0000000081e00000, 0x0000000100000000)
  region size 1024K, 3 young (3072K), 3 survivors (3072K)
 Metaspace       used 41381K, capacity 42978K, committed 43260K, reserved 1085440K
  class space    used 5648K, capacity 6364K, committed 6400K, reserved 1048576K
}
Event: 143.758 GC heap before
{Heap before GC invocations=15 (full 0):
 garbage-first heap   total 68608K, used 50449K [0x0000000081e00000, 0x0000000100000000)
  region size 1024K, 22 young (22528K), 3 survivors (3072K)
 Metaspace       used 45091K, capacity 46661K, committed 46716K, reserved 1089536K
  class space    used 6064K, capacity 6764K, committed 6784K, reserved 1048576K
}
Event: 143.760 GC heap after
{Heap after GC invocations=16 (full 0):
 garbage-first heap   total 68608K, used 32647K [0x0000000081e00000, 0x0000000100000000)
  region size 1024K, 1 young (1024K), 1 survivors (1024K)
 Metaspace       used 45091K, capacity 46661K, committed 46716K, reserved 1089536K
  class space    used 6064K, capacity 6764K, committed 6784K, reserved 1048576K
}
Event: 151.297 GC heap before
{Heap before GC invocations=16 (full 0):
 garbage-first heap   total 68608K, used 51079K [0x0000000081e00000, 0x0000000100000000)
  region size 1024K, 20 young (20480K), 1 survivors (1024K)
 Metaspace       used 48252K, capacity 49901K, committed 50044K, reserved 1091584K
  class space    used 6468K, capacity 7185K, committed 7296K, reserved 1048576K
}
Event: 151.300 GC heap after
{Heap after GC invocations=17 (full 0):
 garbage-first heap   total 68608K, used 33418K [0x0000000081e00000, 0x0000000100000000)
  region size 1024K, 2 young (2048K), 2 survivors (2048K)
 Metaspace       used 48252K, capacity 49901K, committed 50044K, reserved 1091584K
  class space    used 6468K, capacity 7185K, committed 7296K, reserved 1048576K
}
Event: 160.841 GC heap before
{Heap before GC invocations=18 (full 0):
 garbage-first heap   total 68608K, used 52874K [0x0000000081e00000, 0x0000000100000000)
  region size 1024K, 21 young (21504K), 2 survivors (2048K)
 Metaspace       used 50618K, capacity 52275K, committed 52476K, reserved 1093632K
  class space    used 6820K, capacity 7571K, committed 7680K, reserved 1048576K
}
Event: 160.843 GC heap after
{Heap after GC invocations=19 (full 0):
 garbage-first heap   total 68608K, used 34352K [0x0000000081e00000, 0x0000000100000000)
  region size 1024K, 3 young (3072K), 3 survivors (3072K)
 Metaspace       used 50618K, capacity 52275K, committed 52476K, reserved 1093632K
  class space    used 6820K, capacity 7571K, committed 7680K, reserved 1048576K
}
Event: 165.440 GC heap before
{Heap before GC invocations=19 (full 0):
 garbage-first heap   total 68608K, used 53808K [0x0000000081e00000, 0x0000000100000000)
  region size 1024K, 22 young (22528K), 3 survivors (3072K)
 Metaspace       used 52239K, capacity 53986K, committed 54268K, reserved 1095680K
  class space    used 7051K, capacity 7838K, committed 7936K, reserved 1048576K
}
Event: 165.448 GC heap after
{Heap after GC invocations=20 (full 0):
 garbage-first heap   total 68608K, used 36293K [0x0000000081e00000, 0x0000000100000000)
  region size 1024K, 3 young (3072K), 3 survivors (3072K)
 Metaspace       used 52239K, capacity 53986K, committed 54268K, reserved 1095680K
  class space    used 7051K, capacity 7838K, committed 7936K, reserved 1048576K
}
Event: 282.122 GC heap before
{Heap before GC invocations=21 (full 0):
 garbage-first heap   total 68608K, used 53701K [0x0000000081e00000, 0x0000000100000000)
  region size 1024K, 21 young (21504K), 3 survivors (3072K)
 Metaspace       used 54276K, capacity 56105K, committed 56316K, reserved 1097728K
  class space    used 7279K, capacity 8076K, committed 8192K, reserved 1048576K
}
Event: 282.125 GC heap after
{Heap after GC invocations=22 (full 0):
 garbage-first heap   total 68608K, used 36734K [0x0000000081e00000, 0x0000000100000000)
  region size 1024K, 2 young (2048K), 2 survivors (2048K)
 Metaspace       used 54276K, capacity 56105K, committed 56316K, reserved 1097728K
  class space    used 7279K, capacity 8076K, committed 8192K, reserved 1048576K
}
Event: 284.242 GC heap before
{Heap before GC invocations=22 (full 0):
 garbage-first heap   total 68608K, used 54142K [0x0000000081e00000, 0x0000000100000000)
  region size 1024K, 20 young (20480K), 2 survivors (2048K)
 Metaspace       used 54362K, capacity 56236K, committed 56572K, reserved 1097728K
  class space    used 7298K, capacity 8101K, committed 8192K, reserved 1048576K
}
Event: 284.244 GC heap after
{Heap after GC invocations=23 (full 0):
 garbage-first heap   total 68608K, used 36611K [0x0000000081e00000, 0x0000000100000000)
  region size 1024K, 2 young (2048K), 2 survivors (2048K)
 Metaspace       used 54362K, capacity 56236K, committed 56572K, reserved 1097728K
  class space    used 7298K, capacity 8101K, committed 8192K, reserved 1048576K
}

