# JRE version: Java(TM) SE Runtime Environment (13.0.2+8) (build 13.0.2+8)
# Java VM: Java HotSpot(TM) 64-Bit Server VM (13.0.2+8, mixed mode, sharing, tiered, compressed oops, g1 gc, windows-amd64)
Heap:
 garbage-first heap   total 117760K, used 96397K [0x0000000081e00000, 0x0000000100000000)
  region size 1024K, 50 young (51200K), 1 survivors (1024K)
 Metaspace       used 93956K, capacity 99134K, committed 99484K, reserved 1132544K
  class space    used 13281K, capacity 15740K, committed 15868K, reserved 1048576K
GC Heap History (20 events):
Event: 75022.880 GC heap before
{Heap before GC invocations=231 (full 0):
 garbage-first heap   total 117760K, used 102521K [0x0000000081e00000, 0x0000000100000000)
  region size 1024K, 54 young (55296K), 1 survivors (1024K)
 Metaspace       used 93707K, capacity 98815K, committed 99100K, reserved 1132544K
  class space    used 13246K, capacity 15653K, committed 15740K, reserved 1048576K
}
Event: 75022.884 GC heap after
{Heap after GC invocations=232 (full 0):
 garbage-first heap   total 117760K, used 48257K [0x0000000081e00000, 0x0000000100000000)
  region size 1024K, 1 young (1024K), 1 survivors (1024K)
 Metaspace       used 93707K, capacity 98815K, committed 99100K, reserved 1132544K
  class space    used 13246K, capacity 15653K, committed 15740K, reserved 1048576K
}
Event: 79068.879 GC heap before
{Heap before GC invocations=232 (full 0):
 garbage-first heap   total 117760K, used 102529K [0x0000000081e00000, 0x0000000100000000)
  region size 1024K, 54 young (55296K), 1 survivors (1024K)
 Metaspace       used 93707K, capacity 98815K, committed 99100K, reserved 1132544K
  class space    used 13246K, capacity 15653K, committed 15740K, reserved 1048576K
}
Event: 79068.883 GC heap after
{Heap after GC invocations=233 (full 0):
 garbage-first heap   total 117760K, used 48247K [0x0000000081e00000, 0x0000000100000000)
  region size 1024K, 1 young (1024K), 1 survivors (1024K)
 Metaspace       used 93707K, capacity 98815K, committed 99100K, reserved 1132544K
  class space    used 13246K, capacity 15653K, committed 15740K, reserved 1048576K
}
Event: 80289.257 GC heap before
{Heap before GC invocations=233 (full 0):
 garbage-first heap   total 117760K, used 102519K [0x0000000081e00000, 0x0000000100000000)
  region size 1024K, 54 young (55296K), 1 survivors (1024K)
 Metaspace       used 93707K, capacity 98815K, committed 99100K, reserved 1132544K
  class space    used 13246K, capacity 15653K, committed 15740K, reserved 1048576K
}
Event: 80289.275 GC heap after
{Heap after GC invocations=234 (full 0):
 garbage-first heap   total 117760K, used 48255K [0x0000000081e00000, 0x0000000100000000)
  region size 1024K, 1 young (1024K), 1 survivors (1024K)
 Metaspace       used 93707K, capacity 98815K, committed 99100K, reserved 1132544K
  class space    used 13246K, capacity 15653K, committed 15740K, reserved 1048576K
}
Event: 81503.233 GC heap before
{Heap before GC invocations=234 (full 0):
 garbage-first heap   total 117760K, used 102527K [0x0000000081e00000, 0x0000000100000000)
  region size 1024K, 54 young (55296K), 1 survivors (1024K)
 Metaspace       used 93707K, capacity 98815K, committed 99100K, reserved 1132544K
  class space    used 13246K, capacity 15653K, committed 15740K, reserved 1048576K
}
Event: 81503.424 GC heap after
{Heap after GC invocations=235 (full 0):
 garbage-first heap   total 117760K, used 48256K [0x0000000081e00000, 0x0000000100000000)
  region size 1024K, 1 young (1024K), 1 survivors (1024K)
 Metaspace       used 93707K, capacity 98815K, committed 99100K, reserved 1132544K
  class space    used 13246K, capacity 15653K, committed 15740K, reserved 1048576K
}
Event: 82714.827 GC heap before
{Heap before GC invocations=235 (full 0):
 garbage-first heap   total 117760K, used 102528K [0x0000000081e00000, 0x0000000100000000)
  region size 1024K, 54 young (55296K), 1 survivors (1024K)
 Metaspace       used 93707K, capacity 98815K, committed 99100K, reserved 1132544K
  class space    used 13246K, capacity 15653K, committed 15740K, reserved 1048576K
}
Event: 82714.830 GC heap after
{Heap after GC invocations=236 (full 0):
 garbage-first heap   total 117760K, used 48257K [0x0000000081e00000, 0x0000000100000000)
  region size 1024K, 1 young (1024K), 1 survivors (1024K)
 Metaspace       used 93707K, capacity 98815K, committed 99100K, reserved 1132544K
  class space    used 13246K, capacity 15653K, committed 15740K, reserved 1048576K
}
Event: 83936.139 GC heap before
{Heap before GC invocations=236 (full 0):
 garbage-first heap   total 117760K, used 102529K [0x0000000081e00000, 0x0000000100000000)
  region size 1024K, 54 young (55296K), 1 survivors (1024K)
 Metaspace       used 93707K, capacity 98815K, committed 99100K, reserved 1132544K
  class space    used 13246K, capacity 15653K, committed 15740K, reserved 1048576K
}
Event: 83936.142 GC heap after
{Heap after GC invocations=237 (full 0):
 garbage-first heap   total 117760K, used 48256K [0x0000000081e00000, 0x0000000100000000)
  region size 1024K, 1 young (1024K), 1 survivors (1024K)
 Metaspace       used 93707K, capacity 98815K, committed 99100K, reserved 1132544K
  class space    used 13246K, capacity 15653K, committed 15740K, reserved 1048576K
}
Event: 85154.874 GC heap before
{Heap before GC invocations=237 (full 0):
 garbage-first heap   total 117760K, used 102528K [0x0000000081e00000, 0x0000000100000000)
  region size 1024K, 54 young (55296K), 1 survivors (1024K)
 Metaspace       used 93707K, capacity 98815K, committed 99100K, reserved 1132544K
  class space    used 13246K, capacity 15653K, committed 15740K, reserved 1048576K
}
Event: 85154.877 GC heap after
{Heap after GC invocations=238 (full 0):
 garbage-first heap   total 117760K, used 48257K [0x0000000081e00000, 0x0000000100000000)
  region size 1024K, 1 young (1024K), 1 survivors (1024K)
 Metaspace       used 93707K, capacity 98815K, committed 99100K, reserved 1132544K
  class space    used 13246K, capacity 15653K, committed 15740K, reserved 1048576K
}
Event: 86365.793 GC heap before
{Heap before GC invocations=238 (full 0):
 garbage-first heap   total 117760K, used 102529K [0x0000000081e00000, 0x0000000100000000)
  region size 1024K, 54 young (55296K), 1 survivors (1024K)
 Metaspace       used 93707K, capacity 98815K, committed 99100K, reserved 1132544K
  class space    used 13246K, capacity 15653K, committed 15740K, reserved 1048576K
}
Event: 86365.795 GC heap after
{Heap after GC invocations=239 (full 0):
 garbage-first heap   total 117760K, used 48260K [0x0000000081e00000, 0x0000000100000000)
  region size 1024K, 1 young (1024K), 1 survivors (1024K)
 Metaspace       used 93707K, capacity 98815K, committed 99100K, reserved 1132544K
  class space    used 13246K, capacity 15653K, committed 15740K, reserved 1048576K
}
Event: 87585.891 GC heap before
{Heap before GC invocations=239 (full 0):
 garbage-first heap   total 117760K, used 102532K [0x0000000081e00000, 0x0000000100000000)
  region size 1024K, 54 young (55296K), 1 survivors (1024K)
 Metaspace       used 93707K, capacity 98815K, committed 99100K, reserved 1132544K
  class space    used 13246K, capacity 15653K, committed 15740K, reserved 1048576K
}
Event: 87585.892 GC heap after
{Heap after GC invocations=240 (full 0):
 garbage-first heap   total 117760K, used 48260K [0x0000000081e00000, 0x0000000100000000)
  region size 1024K, 1 young (1024K), 1 survivors (1024K)
 Metaspace       used 93707K, capacity 98815K, committed 99100K, reserved 1132544K
  class space    used 13246K, capacity 15653K, committed 15740K, reserved 1048576K
}
Event: 88805.234 GC heap before
{Heap before GC invocations=240 (full 0):
 garbage-first heap   total 117760K, used 102532K [0x0000000081e00000, 0x0000000100000000)
  region size 1024K, 54 young (55296K), 1 survivors (1024K)
 Metaspace       used 93707K, capacity 98815K, committed 99100K, reserved 1132544K
  class space    used 13246K, capacity 15653K, committed 15740K, reserved 1048576K
}
Event: 88805.240 GC heap after
{Heap after GC invocations=241 (full 0):
 garbage-first heap   total 117760K, used 48269K [0x0000000081e00000, 0x0000000100000000)
  region size 1024K, 1 young (1024K), 1 survivors (1024K)
 Metaspace       used 93707K, capacity 98815K, committed 99100K, reserved 1132544K
  class space    used 13246K, capacity 15653K, committed 15740K, reserved 1048576K
}

