# JRE version: Java(TM) SE Runtime Environment (13.0.2+8) (build 13.0.2+8)
# Java VM: Java HotSpot(TM) 64-Bit Server VM (13.0.2+8, mixed mode, sharing, tiered, compressed oops, g1 gc, windows-amd64)
Heap:
 garbage-first heap   total 71680K, used 48330K [0x0000000081e00000, 0x0000000100000000)
  region size 1024K, 14 young (14336K), 1 survivors (1024K)
 Metaspace       used 72633K, capacity 75995K, committed 76188K, reserved 1114112K
  class space    used 10501K, capacity 12117K, committed 12188K, reserved 1048576K
GC Heap History (20 events):
Event: 4409.829 GC heap before
{Heap before GC invocations=44 (full 0):
 garbage-first heap   total 71680K, used 60274K [0x0000000081e00000, 0x0000000100000000)
  region size 1024K, 24 young (24576K), 1 survivors (1024K)
 Metaspace       used 72085K, capacity 75349K, committed 75932K, reserved 1114112K
  class space    used 10426K, capacity 12001K, committed 12188K, reserved 1048576K
}
Event: 4409.840 GC heap after
{Heap after GC invocations=45 (full 0):
 garbage-first heap   total 71680K, used 36716K [0x0000000081e00000, 0x0000000100000000)
  region size 1024K, 1 young (1024K), 1 survivors (1024K)
 Metaspace       used 72085K, capacity 75349K, committed 75932K, reserved 1114112K
  class space    used 10426K, capacity 12001K, committed 12188K, reserved 1048576K
}
Event: 4905.584 GC heap before
{Heap before GC invocations=45 (full 0):
 garbage-first heap   total 71680K, used 59244K [0x0000000081e00000, 0x0000000100000000)
  region size 1024K, 24 young (24576K), 1 survivors (1024K)
 Metaspace       used 72194K, capacity 75426K, committed 75932K, reserved 1114112K
  class space    used 10427K, capacity 12003K, committed 12188K, reserved 1048576K
}
Event: 4905.595 GC heap after
{Heap after GC invocations=46 (full 0):
 garbage-first heap   total 71680K, used 36762K [0x0000000081e00000, 0x0000000100000000)
  region size 1024K, 1 young (1024K), 1 survivors (1024K)
 Metaspace       used 72194K, capacity 75426K, committed 75932K, reserved 1114112K
  class space    used 10427K, capacity 12003K, committed 12188K, reserved 1048576K
}
Event: 5443.460 GC heap before
{Heap before GC invocations=47 (full 0):
 garbage-first heap   total 71680K, used 60314K [0x0000000081e00000, 0x0000000100000000)
  region size 1024K, 24 young (24576K), 1 survivors (1024K)
 Metaspace       used 72194K, capacity 75426K, committed 75932K, reserved 1114112K
  class space    used 10427K, capacity 12003K, committed 12188K, reserved 1048576K
}
Event: 5443.472 GC heap after
{Heap after GC invocations=48 (full 0):
 garbage-first heap   total 71680K, used 36751K [0x0000000081e00000, 0x0000000100000000)
  region size 1024K, 1 young (1024K), 1 survivors (1024K)
 Metaspace       used 72194K, capacity 75426K, committed 75932K, reserved 1114112K
  class space    used 10427K, capacity 12003K, committed 12188K, reserved 1048576K
}
Event: 5982.589 GC heap before
{Heap before GC invocations=48 (full 0):
 garbage-first heap   total 71680K, used 60303K [0x0000000081e00000, 0x0000000100000000)
  region size 1024K, 24 young (24576K), 1 survivors (1024K)
 Metaspace       used 72194K, capacity 75426K, committed 75932K, reserved 1114112K
  class space    used 10427K, capacity 12003K, committed 12188K, reserved 1048576K
}
Event: 5982.607 GC heap after
{Heap after GC invocations=49 (full 0):
 garbage-first heap   total 71680K, used 36757K [0x0000000081e00000, 0x0000000100000000)
  region size 1024K, 1 young (1024K), 1 survivors (1024K)
 Metaspace       used 72194K, capacity 75426K, committed 75932K, reserved 1114112K
  class space    used 10427K, capacity 12003K, committed 12188K, reserved 1048576K
}
Event: 6544.795 GC heap before
{Heap before GC invocations=50 (full 0):
 garbage-first heap   total 71680K, used 61333K [0x0000000081e00000, 0x0000000100000000)
  region size 1024K, 25 young (25600K), 1 survivors (1024K)
 Metaspace       used 72195K, capacity 75426K, committed 75932K, reserved 1114112K
  class space    used 10427K, capacity 12003K, committed 12188K, reserved 1048576K
}
Event: 6544.796 GC heap after
{Heap after GC invocations=51 (full 0):
 garbage-first heap   total 71680K, used 36758K [0x0000000081e00000, 0x0000000100000000)
  region size 1024K, 1 young (1024K), 1 survivors (1024K)
 Metaspace       used 72195K, capacity 75426K, committed 75932K, reserved 1114112K
  class space    used 10427K, capacity 12003K, committed 12188K, reserved 1048576K
}
Event: 7107.584 GC heap before
{Heap before GC invocations=51 (full 0):
 garbage-first heap   total 71680K, used 61334K [0x0000000081e00000, 0x0000000100000000)
  region size 1024K, 25 young (25600K), 1 survivors (1024K)
 Metaspace       used 72195K, capacity 75426K, committed 75932K, reserved 1114112K
  class space    used 10427K, capacity 12003K, committed 12188K, reserved 1048576K
}
Event: 7107.589 GC heap after
{Heap after GC invocations=52 (full 0):
 garbage-first heap   total 71680K, used 36758K [0x0000000081e00000, 0x0000000100000000)
  region size 1024K, 1 young (1024K), 1 survivors (1024K)
 Metaspace       used 72195K, capacity 75426K, committed 75932K, reserved 1114112K
  class space    used 10427K, capacity 12003K, committed 12188K, reserved 1048576K
}
Event: 7670.475 GC heap before
{Heap before GC invocations=53 (full 0):
 garbage-first heap   total 71680K, used 61334K [0x0000000081e00000, 0x0000000100000000)
  region size 1024K, 25 young (25600K), 1 survivors (1024K)
 Metaspace       used 72203K, capacity 75492K, committed 75932K, reserved 1114112K
  class space    used 10427K, capacity 12003K, committed 12188K, reserved 1048576K
}
Event: 7670.481 GC heap after
{Heap after GC invocations=54 (full 0):
 garbage-first heap   total 71680K, used 36738K [0x0000000081e00000, 0x0000000100000000)
  region size 1024K, 1 young (1024K), 1 survivors (1024K)
 Metaspace       used 72203K, capacity 75492K, committed 75932K, reserved 1114112K
  class space    used 10427K, capacity 12003K, committed 12188K, reserved 1048576K
}
Event: 8233.583 GC heap before
{Heap before GC invocations=54 (full 0):
 garbage-first heap   total 71680K, used 61314K [0x0000000081e00000, 0x0000000100000000)
  region size 1024K, 25 young (25600K), 1 survivors (1024K)
 Metaspace       used 72203K, capacity 75492K, committed 75932K, reserved 1114112K
  class space    used 10427K, capacity 12003K, committed 12188K, reserved 1048576K
}
Event: 8233.586 GC heap after
{Heap after GC invocations=55 (full 0):
 garbage-first heap   total 71680K, used 36747K [0x0000000081e00000, 0x0000000100000000)
  region size 1024K, 1 young (1024K), 1 survivors (1024K)
 Metaspace       used 72203K, capacity 75492K, committed 75932K, reserved 1114112K
  class space    used 10427K, capacity 12003K, committed 12188K, reserved 1048576K
}
Event: 8796.752 GC heap before
{Heap before GC invocations=56 (full 0):
 garbage-first heap   total 71680K, used 61323K [0x0000000081e00000, 0x0000000100000000)
  region size 1024K, 25 young (25600K), 1 survivors (1024K)
 Metaspace       used 72203K, capacity 75492K, committed 75932K, reserved 1114112K
  class space    used 10427K, capacity 12003K, committed 12188K, reserved 1048576K
}
Event: 8796.754 GC heap after
{Heap after GC invocations=57 (full 0):
 garbage-first heap   total 71680K, used 36751K [0x0000000081e00000, 0x0000000100000000)
  region size 1024K, 1 young (1024K), 1 survivors (1024K)
 Metaspace       used 72203K, capacity 75492K, committed 75932K, reserved 1114112K
  class space    used 10427K, capacity 12003K, committed 12188K, reserved 1048576K
}
Event: 8962.988 GC heap before
{Heap before GC invocations=57 (full 0):
 garbage-first heap   total 71680K, used 60303K [0x0000000081e00000, 0x0000000100000000)
  region size 1024K, 25 young (25600K), 1 survivors (1024K)
 Metaspace       used 72610K, capacity 75928K, committed 76188K, reserved 1114112K
  class space    used 10500K, capacity 12116K, committed 12188K, reserved 1048576K
}
Event: 8962.992 GC heap after
{Heap after GC invocations=58 (full 0):
 garbage-first heap   total 71680K, used 37066K [0x0000000081e00000, 0x0000000100000000)
  region size 1024K, 1 young (1024K), 1 survivors (1024K)
 Metaspace       used 72610K, capacity 75928K, committed 76188K, reserved 1114112K
  class space    used 10500K, capacity 12116K, committed 12188K, reserved 1048576K
}

